0 info it worked if it ends with ok
1 verbose cli [ '/usr/local/bin/node',
1 verbose cli   '/usr/local/bin/npm',
1 verbose cli   'run',
1 verbose cli   'build-css' ]
2 info using npm@2.14.7
3 info using node@v4.2.1
4 verbose run-script [ 'prebuild-css', 'build-css', 'postbuild-css' ]
5 info prebuild-css ionic-project@1.1.1
6 info build-css ionic-project@1.1.1
7 verbose unsafe-perm in lifecycle true
8 info ionic-project@1.1.1 Failed to exec build-css script
9 verbose stack Error: ionic-project@1.1.1 build-css: `./bin/build-css`
9 verbose stack spawn ENOENT
9 verbose stack     at ChildProcess.<anonymous> (/usr/local/lib/node_modules/npm/lib/utils/spawn.js:17:16)
9 verbose stack     at emitTwo (events.js:87:13)
9 verbose stack     at ChildProcess.emit (events.js:172:7)
9 verbose stack     at maybeClose (internal/child_process.js:818:16)
9 verbose stack     at Process.ChildProcess._handle.onexit (internal/child_process.js:211:5)
10 verbose pkgid ionic-project@1.1.1
11 verbose cwd /home/ashwin/bcs-app/bin
12 error Linux 3.8.0-44-generic
13 error argv "/usr/local/bin/node" "/usr/local/bin/npm" "run" "build-css"
14 error node v4.2.1
15 error npm  v2.14.7
16 error file sh
17 error code ELIFECYCLE
18 error errno ENOENT
19 error syscall spawn
20 error ionic-project@1.1.1 build-css: `./bin/build-css`
20 error spawn ENOENT
21 error Failed at the ionic-project@1.1.1 build-css script './bin/build-css'.
21 error This is most likely a problem with the ionic-project package,
21 error not with npm itself.
21 error Tell the author that this fails on your system:
21 error     ./bin/build-css
21 error You can get their info via:
21 error     npm owner ls ionic-project
21 error There is likely additional logging output above.
22 verbose exit [ 1, true ]
